----
type=CONFIG_CHANGE msg=audit(06/03/18 11:47:44.359:115) : auid=unset ses=unset op=add_rule key=/home/monotux/college/syssoft/ca1/audit.log list=exit res=yes 
----
type=CONFIG_CHANGE msg=audit(06/03/18 11:48:19.482:265) : auid=unset ses=unset op=add_rule key=audit.log list=exit res=yes 
----
type=PROCTITLE msg=audit(06/03/18 11:49:46.635:350) : proctitle=bash 
type=PATH msg=audit(06/03/18 11:49:46.635:350) : item=1 name=test inode=132913 dev=08:04 mode=file,664 ouid=monotux ogid=monotux rdev=00:00 nametype=NORMAL cap_fp=none cap_fi=none cap_fe=0 cap_fver=0 
type=PATH msg=audit(06/03/18 11:49:46.635:350) : item=0 name=/home/monotux/college/syssoft/ca1/dir inode=156332 dev=08:04 mode=dir,775 ouid=monotux ogid=monotux rdev=00:00 nametype=PARENT cap_fp=none cap_fi=none cap_fe=0 cap_fver=0 
type=CWD msg=audit(06/03/18 11:49:46.635:350) : cwd=/home/monotux/college/syssoft/ca1/dir 
type=SYSCALL msg=audit(06/03/18 11:49:46.635:350) : arch=x86_64 syscall=open success=yes exit=3 a0=0xc0e148 a1=O_WRONLY|O_CREAT|O_APPEND a2=0666 a3=0x7fff62a90b18 items=2 ppid=4422 pid=8778 auid=unset uid=monotux gid=monotux euid=monotux suid=monotux fsuid=monotux egid=monotux sgid=monotux fsgid=monotux tty=pts8 ses=unset comm=bash exe=/bin/bash key=/home/monotux/college/syssoft/ca1/audit.log 
----
type=PROCTITLE msg=audit(06/03/18 11:49:54.022:360) : proctitle=bash 
type=PATH msg=audit(06/03/18 11:49:54.022:360) : item=1 name=test3 inode=132914 dev=08:04 mode=file,664 ouid=monotux ogid=monotux rdev=00:00 nametype=CREATE cap_fp=none cap_fi=none cap_fe=0 cap_fver=0 
type=PATH msg=audit(06/03/18 11:49:54.022:360) : item=0 name=/home/monotux/college/syssoft/ca1/dir inode=156332 dev=08:04 mode=dir,775 ouid=monotux ogid=monotux rdev=00:00 nametype=PARENT cap_fp=none cap_fi=none cap_fe=0 cap_fver=0 
type=CWD msg=audit(06/03/18 11:49:54.022:360) : cwd=/home/monotux/college/syssoft/ca1/dir 
type=SYSCALL msg=audit(06/03/18 11:49:54.022:360) : arch=x86_64 syscall=open success=yes exit=3 a0=0xc0cfa8 a1=O_WRONLY|O_CREAT|O_APPEND a2=0666 a3=0x7fff62a90b18 items=2 ppid=4422 pid=8778 auid=unset uid=monotux gid=monotux euid=monotux suid=monotux fsuid=monotux egid=monotux sgid=monotux fsgid=monotux tty=pts8 ses=unset comm=bash exe=/bin/bash key=/home/monotux/college/syssoft/ca1/audit.log 
----
type=PROCTITLE msg=audit(06/03/18 11:50:06.070:361) : proctitle=touch test2 
type=PATH msg=audit(06/03/18 11:50:06.070:361) : item=1 name=test2 inode=132915 dev=08:04 mode=file,664 ouid=monotux ogid=monotux rdev=00:00 nametype=CREATE cap_fp=none cap_fi=none cap_fe=0 cap_fver=0 
type=PATH msg=audit(06/03/18 11:50:06.070:361) : item=0 name=/home/monotux/college/syssoft/ca1/dir/dir2/test2 inode=156337 dev=08:04 mode=dir,775 ouid=monotux ogid=monotux rdev=00:00 nametype=PARENT cap_fp=none cap_fi=none cap_fe=0 cap_fver=0 
type=CWD msg=audit(06/03/18 11:50:06.070:361) : cwd=/home/monotux/college/syssoft/ca1/dir/dir2/test2 
type=SYSCALL msg=audit(06/03/18 11:50:06.070:361) : arch=x86_64 syscall=open success=yes exit=3 a0=0x7ffe41e952d5 a1=O_WRONLY|O_CREAT|O_NOCTTY|O_NONBLOCK a2=0666 a3=0x69d items=2 ppid=8778 pid=8810 auid=unset uid=monotux gid=monotux euid=monotux suid=monotux fsuid=monotux egid=monotux sgid=monotux fsgid=monotux tty=pts8 ses=unset comm=touch exe=/bin/touch key=/home/monotux/college/syssoft/ca1/audit.log 
----
type=PROCTITLE msg=audit(06/03/18 11:50:11.025:362) : proctitle=touch test4 
type=PATH msg=audit(06/03/18 11:50:11.025:362) : item=1 name=test4 inode=132944 dev=08:04 mode=file,664 ouid=monotux ogid=monotux rdev=00:00 nametype=CREATE cap_fp=none cap_fi=none cap_fe=0 cap_fver=0 
type=PATH msg=audit(06/03/18 11:50:11.025:362) : item=0 name=/home/monotux/college/syssoft/ca1/dir/dir2 inode=156333 dev=08:04 mode=dir,775 ouid=monotux ogid=monotux rdev=00:00 nametype=PARENT cap_fp=none cap_fi=none cap_fe=0 cap_fver=0 
type=CWD msg=audit(06/03/18 11:50:11.025:362) : cwd=/home/monotux/college/syssoft/ca1/dir/dir2 
type=SYSCALL msg=audit(06/03/18 11:50:11.025:362) : arch=x86_64 syscall=open success=yes exit=3 a0=0x7ffeeab2c2db a1=O_WRONLY|O_CREAT|O_NOCTTY|O_NONBLOCK a2=0666 a3=0x69d items=2 ppid=8778 pid=8811 auid=unset uid=monotux gid=monotux euid=monotux suid=monotux fsuid=monotux egid=monotux sgid=monotux fsgid=monotux tty=pts8 ses=unset comm=touch exe=/bin/touch key=/home/monotux/college/syssoft/ca1/audit.log 
----
type=CONFIG_CHANGE msg=audit(06/03/18 13:58:36.285:1377) : auid=unset ses=unset op=add_rule key=audit.log list=exit res=yes 
----
type=PROCTITLE msg=audit(06/03/18 13:59:05.717:1394) : proctitle=mkdir dir3 
type=PATH msg=audit(06/03/18 13:59:05.717:1394) : item=1 name=dir3 inode=156338 dev=08:04 mode=dir,775 ouid=monotux ogid=monotux rdev=00:00 nametype=CREATE cap_fp=none cap_fi=none cap_fe=0 cap_fver=0 
type=PATH msg=audit(06/03/18 13:59:05.717:1394) : item=0 name=/home/monotux/college/syssoft/ca1/dir inode=156332 dev=08:04 mode=dir,775 ouid=monotux ogid=monotux rdev=00:00 nametype=PARENT cap_fp=none cap_fi=none cap_fe=0 cap_fver=0 
type=CWD msg=audit(06/03/18 13:59:05.717:1394) : cwd=/home/monotux/college/syssoft/ca1/dir 
type=SYSCALL msg=audit(06/03/18 13:59:05.717:1394) : arch=x86_64 syscall=mkdir success=yes exit=0 a0=0x7ffd361272ef a1=0777 a2=0x0 a3=0x1e5 items=2 ppid=8778 pid=10691 auid=unset uid=monotux gid=monotux euid=monotux suid=monotux fsuid=monotux egid=monotux sgid=monotux fsgid=monotux tty=pts8 ses=unset comm=mkdir exe=/bin/mkdir key=/home/monotux/college/syssoft/ca1/audit.log 
----
type=PROCTITLE msg=audit(06/03/18 13:59:11.119:1395) : proctitle=touch test5 
type=PATH msg=audit(06/03/18 13:59:11.119:1395) : item=1 name=test5 inode=132945 dev=08:04 mode=file,664 ouid=monotux ogid=monotux rdev=00:00 nametype=CREATE cap_fp=none cap_fi=none cap_fe=0 cap_fver=0 
type=PATH msg=audit(06/03/18 13:59:11.119:1395) : item=0 name=/home/monotux/college/syssoft/ca1/dir/dir3 inode=156338 dev=08:04 mode=dir,775 ouid=monotux ogid=monotux rdev=00:00 nametype=PARENT cap_fp=none cap_fi=none cap_fe=0 cap_fver=0 
type=CWD msg=audit(06/03/18 13:59:11.119:1395) : cwd=/home/monotux/college/syssoft/ca1/dir/dir3 
type=SYSCALL msg=audit(06/03/18 13:59:11.119:1395) : arch=x86_64 syscall=open success=yes exit=3 a0=0x7ffc6b1cb2e6 a1=O_WRONLY|O_CREAT|O_NOCTTY|O_NONBLOCK a2=0666 a3=0x69d items=2 ppid=8778 pid=10697 auid=unset uid=monotux gid=monotux euid=monotux suid=monotux fsuid=monotux egid=monotux sgid=monotux fsgid=monotux tty=pts8 ses=unset comm=touch exe=/bin/touch key=/home/monotux/college/syssoft/ca1/audit.log 
