
Username: jsmith
Modified Page: /var/www/html/intranet/Sales/index.html
Timestamp: 27/04/18 17:44:46

Username: jsmith
Modified Page: /var/www/html/intranet/Sales/index.html
Timestamp: 27/04/18 17:46:11

Username: lee
Modified Page: /var/www/html/intranet/Marketing/index.html
Timestamp: 27/04/18 17:48:06

Username: lee
Modified Page: /var/www/html/intranet/macros.h
Timestamp: 27/04/18 17:48:21

Username: jsmith
Modified Page: /var/www/html/intranet/Sales/index.html
Timestamp: 29/04/18 12:57:59

Username: lee
Modified Page: /var/www/html/intranet/main.c
Timestamp: 29/04/18 12:59:06

Username: jsmith
Modified Page: /var/www/html/intranet/index.html
Timestamp: 29/04/18 13:11:06
